Drill report for NeptuneToolboard/hardware/NeptuneToolboard.kicad_pcb
Created on Sun Sep 26 16:39:44 2021

Copper Layer Stackup:
    =============================================================
    L1 :  F.Cu                      front
    L2 :  In1.Cu                    in1
    L3 :  In2.Cu                    in2
    L4 :  B.Cu                      back


Drill file 'NeptuneToolboard.drl' contains
    plated through holes:
    =============================================================
    T1  0.30mm  0.012"  (64 holes)
    T2  0.40mm  0.016"  (100 holes)
    T3  0.50mm  0.020"  (72 holes)
    T4  0.60mm  0.024"  (2 holes)  (with 2 slots)
    T5  0.75mm  0.030"  (5 holes)
    T6  0.85mm  0.033"  (2 holes)
    T7  0.95mm  0.037"  (21 holes)
    T8  1.00mm  0.039"  (78 holes)
    T9  1.02mm  0.040"  (4 holes)

    Total plated holes count 348


Not plated through holes are merged with plated holes
    unplated through holes:
    =============================================================
    T10  3.00mm  0.118"  (2 holes)
    T11  3.20mm  0.126"  (3 holes)

    Total unplated holes count 5
